Determining if the pthread_create exist failed with the following output:
Change Dir: /home/wgieruls/Desktop/bsc/build/ray_trace/CMakeFiles/CMakeTmp

Run Build Command:"/usr/bin/make" "cmTC_b81f3/fast"
/usr/bin/make -f CMakeFiles/cmTC_b81f3.dir/build.make CMakeFiles/cmTC_b81f3.dir/build
make[1]: Entering directory '/home/wgieruls/Desktop/bsc/build/ray_trace/CMakeFiles/CMakeTmp'
Building C object CMakeFiles/cmTC_b81f3.dir/CheckSymbolExists.c.o
/usr/bin/cc    -o CMakeFiles/cmTC_b81f3.dir/CheckSymbolExists.c.o   -c /home/wgieruls/Desktop/bsc/build/ray_trace/CMakeFiles/CMakeTmp/CheckSymbolExists.c
Linking C executable cmTC_b81f3
/usr/bin/cmake -E cmake_link_script CMakeFiles/cmTC_b81f3.dir/link.txt --verbose=1
/usr/bin/cc      -rdynamic CMakeFiles/cmTC_b81f3.dir/CheckSymbolExists.c.o  -o cmTC_b81f3 
CMakeFiles/cmTC_b81f3.dir/CheckSymbolExists.c.o: In function `main':
CheckSymbolExists.c:(.text+0x1b): undefined reference to `pthread_create'
collect2: error: ld returned 1 exit status
CMakeFiles/cmTC_b81f3.dir/build.make:97: recipe for target 'cmTC_b81f3' failed
make[1]: *** [cmTC_b81f3] Error 1
make[1]: Leaving directory '/home/wgieruls/Desktop/bsc/build/ray_trace/CMakeFiles/CMakeTmp'
Makefile:126: recipe for target 'cmTC_b81f3/fast' failed
make: *** [cmTC_b81f3/fast] Error 2

File /home/wgieruls/Desktop/bsc/build/ray_trace/CMakeFiles/CMakeTmp/CheckSymbolExists.c:
/* */
#include <pthread.h>

int main(int argc, char** argv)
{
  (void)argv;
#ifndef pthread_create
  return ((int*)(&pthread_create))[argc];
#else
  (void)argc;
  return 0;
#endif
}

Determining if the function pthread_create exists in the pthreads failed with the following output:
Change Dir: /home/wgieruls/Desktop/bsc/build/ray_trace/CMakeFiles/CMakeTmp

Run Build Command:"/usr/bin/make" "cmTC_6bc25/fast"
/usr/bin/make -f CMakeFiles/cmTC_6bc25.dir/build.make CMakeFiles/cmTC_6bc25.dir/build
make[1]: Entering directory '/home/wgieruls/Desktop/bsc/build/ray_trace/CMakeFiles/CMakeTmp'
Building C object CMakeFiles/cmTC_6bc25.dir/CheckFunctionExists.c.o
/usr/bin/cc   -DCHECK_FUNCTION_EXISTS=pthread_create   -o CMakeFiles/cmTC_6bc25.dir/CheckFunctionExists.c.o   -c /usr/share/cmake-3.10/Modules/CheckFunctionExists.c
Linking C executable cmTC_6bc25
/usr/bin/cmake -E cmake_link_script CMakeFiles/cmTC_6bc25.dir/link.txt --verbose=1
/usr/bin/cc  -DCHECK_FUNCTION_EXISTS=pthread_create    -rdynamic CMakeFiles/cmTC_6bc25.dir/CheckFunctionExists.c.o  -o cmTC_6bc25 -lpthreads 
/usr/bin/ld: cannot find -lpthreads
collect2: error: ld returned 1 exit status
CMakeFiles/cmTC_6bc25.dir/build.make:97: recipe for target 'cmTC_6bc25' failed
make[1]: *** [cmTC_6bc25] Error 1
make[1]: Leaving directory '/home/wgieruls/Desktop/bsc/build/ray_trace/CMakeFiles/CMakeTmp'
Makefile:126: recipe for target 'cmTC_6bc25/fast' failed
make: *** [cmTC_6bc25/fast] Error 2


