Symlinking /home/wgieruls/Desktop/bsc/devel/share/ray_trace/cmake/ray_traceConfig-version.cmake
Symlinking /home/wgieruls/Desktop/bsc/devel/share/ray_trace/cmake/ray_trace-msg-extras.cmake
Symlinking /home/wgieruls/Desktop/bsc/devel/share/ray_trace/cmake/ray_traceConfig.cmake
Symlinking /home/wgieruls/Desktop/bsc/devel/share/ray_trace/cmake/ray_trace-msg-paths.cmake
Symlinking /home/wgieruls/Desktop/bsc/devel/share/common-lisp/ros/ray_trace/msg/Triangle.lisp
Symlinking /home/wgieruls/Desktop/bsc/devel/share/common-lisp/ros/ray_trace/msg/_package.lisp
Symlinking /home/wgieruls/Desktop/bsc/devel/share/common-lisp/ros/ray_trace/msg/ray_trace-msg.asd
Symlinking /home/wgieruls/Desktop/bsc/devel/share/common-lisp/ros/ray_trace/msg/_package_Triangle.lisp
Symlinking /home/wgieruls/Desktop/bsc/devel/share/common-lisp/ros/ray_trace/srv/ray_trace.lisp
Symlinking /home/wgieruls/Desktop/bsc/devel/share/common-lisp/ros/ray_trace/srv/ray_trace-srv.asd
Symlinking /home/wgieruls/Desktop/bsc/devel/share/common-lisp/ros/ray_trace/srv/_package.lisp
Symlinking /home/wgieruls/Desktop/bsc/devel/share/common-lisp/ros/ray_trace/srv/_package_ray_trace.lisp
Symlinking /home/wgieruls/Desktop/bsc/devel/share/gennodejs/ros/ray_trace/_index.js
Symlinking /home/wgieruls/Desktop/bsc/devel/share/gennodejs/ros/ray_trace/msg/_index.js
Symlinking /home/wgieruls/Desktop/bsc/devel/share/gennodejs/ros/ray_trace/msg/Triangle.js
Symlinking /home/wgieruls/Desktop/bsc/devel/share/gennodejs/ros/ray_trace/srv/_index.js
Symlinking /home/wgieruls/Desktop/bsc/devel/share/gennodejs/ros/ray_trace/srv/ray_trace.js
Symlinking /home/wgieruls/Desktop/bsc/devel/share/roseus/ros/ray_trace/manifest.l
Symlinking /home/wgieruls/Desktop/bsc/devel/share/roseus/ros/ray_trace/msg/Triangle.l
Symlinking /home/wgieruls/Desktop/bsc/devel/share/roseus/ros/ray_trace/srv/ray_trace.l
Symlinking /home/wgieruls/Desktop/bsc/devel/include/ray_trace/ray_traceResponse.h
Symlinking /home/wgieruls/Desktop/bsc/devel/include/ray_trace/Triangle.h
Symlinking /home/wgieruls/Desktop/bsc/devel/include/ray_trace/ray_trace.h
Symlinking /home/wgieruls/Desktop/bsc/devel/include/ray_trace/ray_traceRequest.h
Symlinking /home/wgieruls/Desktop/bsc/devel/lib/python2.7/dist-packages/ray_trace/__init__.py
Symlinking /home/wgieruls/Desktop/bsc/devel/lib/python2.7/dist-packages/ray_trace/msg/_Triangle.py
Symlinking /home/wgieruls/Desktop/bsc/devel/lib/python2.7/dist-packages/ray_trace/msg/__init__.py
Symlinking /home/wgieruls/Desktop/bsc/devel/lib/python2.7/dist-packages/ray_trace/srv/__init__.py
Symlinking /home/wgieruls/Desktop/bsc/devel/lib/python2.7/dist-packages/ray_trace/srv/_ray_trace.py
Symlinking /home/wgieruls/Desktop/bsc/devel/lib/pkgconfig/ray_trace.pc
